<?xml version="1.0" encoding="UTF-8"?>
<testng-results skipped="0" failed="0" ignored="0" total="1" passed="1">
  <reporter-output>
  </reporter-output>
  <suite name="Default suite" duration-ms="11463" started-at="2024-10-11T13:24:35Z" finished-at="2024-10-11T13:24:46Z">
    <groups>
    </groups>
    <test name="Default test" duration-ms="11463" started-at="2024-10-11T13:24:35Z" finished-at="2024-10-11T13:24:46Z">
      <class name="service_now.Service_table">
        <test-method status="PASS" signature="addPlace()[pri:0, instance:service_now.Service_table@1a20270e]" name="addPlace" duration-ms="11419" started-at="2024-10-11T13:24:35Z" finished-at="2024-10-11T13:24:46Z">
          <reporter-output>
          </reporter-output>
        </test-method> <!-- addPlace -->
      </class> <!-- service_now.Service_table -->
    </test> <!-- Default test -->
  </suite> <!-- Default suite -->
</testng-results>
